
Loading: C:\Olymphic\trunk\Tools\excel2json-master\NationInfo.xlsx
Parse sheet: Sheet1
Parsing: C:\Olymphic\trunk\Tools\excel2json-master\NationInfo.xlsx.$$$\Sheet1.csv
Closing: C:\Olymphic\trunk\Tools\excel2json-master\NationInfo.xlsx
------------------------------------------------------------------------------
[NationInfo.xlsx(Sheet1): ROW 1]
Found object mark: '#nation_data[{}]'
[NationInfo.xlsx(Sheet1): ROW 1]
 Key: code at 1
[NationInfo.xlsx(Sheet1): ROW 1]
 Key: name at 2
[NationInfo.xlsx(Sheet1): ROW 1]
 Key: sprite at 3
[NationInfo.xlsx(Sheet1): ROW 1]
 Key: best_sports_event at 4
Parsing Array Object Table...

Loading: C:\Olymphic\trunk\Tools\excel2json-master\sample.xlsx
Parse sheet: Sheet1
Parsing: C:\Olymphic\trunk\Tools\excel2json-master\sample.xlsx.$$$\Sheet1.csv
Parse sheet: Sheet2
Parsing: C:\Olymphic\trunk\Tools\excel2json-master\sample.xlsx.$$$\Sheet2.csv
Parse sheet: Sheet3
Parsing: C:\Olymphic\trunk\Tools\excel2json-master\sample.xlsx.$$$\Sheet3.csv
Closing: C:\Olymphic\trunk\Tools\excel2json-master\sample.xlsx
------------------------------------------------------------------------------
[sample.xlsx(Sheet1): ROW 3]
Found object mark: '#init{}'
[sample.xlsx(Sheet1): ROW 3]
 Key: $key at 1
[sample.xlsx(Sheet1): ROW 3]
 Key: $value at 2
Parsing Simple Table...
Using key index: 1 value index: 2
------------------------------------------------------------------------------
[sample.xlsx(Sheet1): ROW 12]
Found object mark: '#buildings{{}}'
[sample.xlsx(Sheet1): ROW 12]
 Key: $key at 1
[sample.xlsx(Sheet1): ROW 12]
 Key: color at 2
[sample.xlsx(Sheet1): ROW 12]
 Key: width at 3
[sample.xlsx(Sheet1): ROW 12]
 Key: height at 4
Parsing Object Object Table...
Using key index: 1
------------------------------------------------------------------------------
[sample.xlsx(Sheet1): ROW 20]
Found object mark: '#reqcoins{[]}'
[sample.xlsx(Sheet1): ROW 20]
 Key: barrack at 1
[sample.xlsx(Sheet1): ROW 20]
 Key: mine at 2
[sample.xlsx(Sheet1): ROW 20]
 Key: gas at 3
Parsing Object Array Table...
------------------------------------------------------------------------------
[sample.xlsx(Sheet1): ROW 30]
Found object mark: '#shop[{}]'
[sample.xlsx(Sheet1): ROW 30]
 Key: name at 1
[sample.xlsx(Sheet1): ROW 30]
 Key: price at 2
[sample.xlsx(Sheet1): ROW 30]
 Key: req_level at 3
[sample.xlsx(Sheet1): ROW 30]
 Key: category at 4
[sample.xlsx(Sheet1): ROW 30]
 Key: desc at 5
Parsing Array Object Table...
------------------------------------------------------------------------------
[sample.xlsx(Sheet1): ROW 38]
Found object mark: '#inventory[{}]'
[sample.xlsx(Sheet1): ROW 38]
 Key: type at 1
[sample.xlsx(Sheet1): ROW 38]
 Key: attrib[] at 2
[sample.xlsx(Sheet1): ROW 38]
 Key: dur at 5
Parsing Array Object Table...
------------------------------------------------------------------------------
[sample.xlsx(Sheet1): ROW 44]
Found object mark: '#friends{}'
[sample.xlsx(Sheet1): ROW 44]
 Key: $key at 1
[sample.xlsx(Sheet1): ROW 44]
 Key: $value[] at 2
Parsing Simple Table...
Using key index: 1 value index: 2

Loading: C:\Olymphic\trunk\Tools\excel2json-master\sample_ko.xlsx
Parse sheet: Sheet1
Parsing: C:\Olymphic\trunk\Tools\excel2json-master\sample_ko.xlsx.$$$\Sheet1.csv
Parse sheet: Sheet2
Parsing: C:\Olymphic\trunk\Tools\excel2json-master\sample_ko.xlsx.$$$\Sheet2.csv
Parse sheet: Sheet3
Parsing: C:\Olymphic\trunk\Tools\excel2json-master\sample_ko.xlsx.$$$\Sheet3.csv
Closing: C:\Olymphic\trunk\Tools\excel2json-master\sample_ko.xlsx
------------------------------------------------------------------------------
[sample_ko.xlsx(Sheet1): ROW 3]
Found object mark: '#init{}'
[sample_ko.xlsx(Sheet1): ROW 3]
 Key: $key at 1
[sample_ko.xlsx(Sheet1): ROW 3]
 Key: $value at 2
Parsing Simple Table...
Using key index: 1 value index: 2
------------------------------------------------------------------------------
[sample_ko.xlsx(Sheet1): ROW 12]
Found object mark: '#buildings{{}}'
[sample_ko.xlsx(Sheet1): ROW 12]
 Key: $key at 1
[sample_ko.xlsx(Sheet1): ROW 12]
 Key: color at 2
[sample_ko.xlsx(Sheet1): ROW 12]
 Key: width at 3
[sample_ko.xlsx(Sheet1): ROW 12]
 Key: height at 4
Parsing Object Object Table...
Using key index: 1
------------------------------------------------------------------------------
[sample_ko.xlsx(Sheet1): ROW 20]
Found object mark: '#reqcoins{[]}'
[sample_ko.xlsx(Sheet1): ROW 20]
 Key: barrack at 1
[sample_ko.xlsx(Sheet1): ROW 20]
 Key: mine at 2
[sample_ko.xlsx(Sheet1): ROW 20]
 Key: gas at 3
Parsing Object Array Table...
------------------------------------------------------------------------------
[sample_ko.xlsx(Sheet1): ROW 30]
Found object mark: '#shop[{}]'
[sample_ko.xlsx(Sheet1): ROW 30]
 Key: name at 1
[sample_ko.xlsx(Sheet1): ROW 30]
 Key: price at 2
[sample_ko.xlsx(Sheet1): ROW 30]
 Key: req_level at 3
[sample_ko.xlsx(Sheet1): ROW 30]
 Key: category at 4
[sample_ko.xlsx(Sheet1): ROW 30]
 Key: desc at 5
Parsing Array Object Table...
------------------------------------------------------------------------------
[sample_ko.xlsx(Sheet1): ROW 38]
Found object mark: '#inventory[{}]'
[sample_ko.xlsx(Sheet1): ROW 38]
 Key: type at 1
[sample_ko.xlsx(Sheet1): ROW 38]
 Key: attrib[] at 2
[sample_ko.xlsx(Sheet1): ROW 38]
 Key: dur at 5
Parsing Array Object Table...
------------------------------------------------------------------------------
[sample_ko.xlsx(Sheet1): ROW 44]
Found object mark: '#friends{}'
[sample_ko.xlsx(Sheet1): ROW 44]
 Key: $key at 1
[sample_ko.xlsx(Sheet1): ROW 44]
 Key: $value[] at 2
Parsing Simple Table...
Using key index: 1 value index: 2
